Opel-Manager/build/outputs/logs/manifest-merger-debug-report.txt
-- Merging decision tree log ---
manifest
ADDED from opel-alpha\Opel-Manager\AndroidManifest.xml:2:1-59:12
	xmlns:android
		ADDED from opel-alpha\Opel-Manager\AndroidManifest.xml:2:11-69
	package
		ADDED from opel-alpha\Opel-Manager\AndroidManifest.xml:3:5-39
	android:versionName
		ADDED from opel-alpha\Opel-Manager\AndroidManifest.xml:5:5-30
		INJECTED from opel-alpha\Opel-Manager\AndroidManifest.xml
		INJECTED from opel-alpha\Opel-Manager\AndroidManifest.xml
	android:versionCode
		ADDED from opel-alpha\Opel-Manager\AndroidManifest.xml:4:5-28
		INJECTED from opel-alpha\Opel-Manager\AndroidManifest.xml
		INJECTED from opel-alpha\Opel-Manager\AndroidManifest.xml
uses-sdk
ADDED from opel-alpha\Opel-Manager\AndroidManifest.xml:7:5-9:41
MERGED from [com.android.support:appcompat-v7:23.1.1] AndroidManifest.xml:20:5-43
MERGED from [com.android.support:support-v4:23.1.1] AndroidManifest.xml:20:5-43
MERGED from [cn.dxjia:ffmpegexecutor:0.1.6] AndroidManifest.xml:7:5-9:41
	android:targetSdkVersion
		ADDED from opel-alpha\Opel-Manager\AndroidManifest.xml:9:9-38
	android:minSdkVersion
		ADDED from opel-alpha\Opel-Manager\AndroidManifest.xml:8:9-35
uses-permission#android.permission.INTERNET
ADDED from opel-alpha\Opel-Manager\AndroidManifest.xml:11:5-67
	android:name
		ADDED from opel-alpha\Opel-Manager\AndroidManifest.xml:11:22-64
uses-permission#android.permission.WRITE_EXTERNAL_STORAGE
ADDED from opel-alpha\Opel-Manager\AndroidManifest.xml:12:5-81
	android:name
		ADDED from opel-alpha\Opel-Manager\AndroidManifest.xml:12:22-78
uses-permission#android.permission.READ_EXTERNAL_STORAGE
ADDED from opel-alpha\Opel-Manager\AndroidManifest.xml:13:5-80
	android:name
		ADDED from opel-alpha\Opel-Manager\AndroidManifest.xml:13:22-77
uses-permission#android.permission.ACCESS_DOWNLOAD_MANAGER
ADDED from opel-alpha\Opel-Manager\AndroidManifest.xml:14:5-82
	android:name
		ADDED from opel-alpha\Opel-Manager\AndroidManifest.xml:14:22-79
uses-permission#android.permission.DOWNLOAD_WITHOUT_NOTIFICATION
ADDED from opel-alpha\Opel-Manager\AndroidManifest.xml:15:5-88
	android:name
		ADDED from opel-alpha\Opel-Manager\AndroidManifest.xml:15:22-85
uses-permission#android.permission.BLUETOOTH_ADMIN
ADDED from opel-alpha\Opel-Manager\AndroidManifest.xml:16:5-74
	android:name
		ADDED from opel-alpha\Opel-Manager\AndroidManifest.xml:16:22-71
uses-permission#android.permission.BLUETOOTH
ADDED from opel-alpha\Opel-Manager\AndroidManifest.xml:17:5-68
	android:name
		ADDED from opel-alpha\Opel-Manager\AndroidManifest.xml:17:22-65
uses-permission#android.permission.ACCESS_NETWORK_STATE
ADDED from opel-alpha\Opel-Manager\AndroidManifest.xml:18:5-79
	android:name
		ADDED from opel-alpha\Opel-Manager\AndroidManifest.xml:18:22-76
uses-permission#android.permission.CHANGE_NETWORK_STATE
ADDED from opel-alpha\Opel-Manager\AndroidManifest.xml:19:5-79
	android:name
		ADDED from opel-alpha\Opel-Manager\AndroidManifest.xml:19:22-76
android:uses-permission#android.permission.READ_PHONE_STATE
ADDED from opel-alpha\Opel-Manager\AndroidManifest.xml:21:5-83
	android:name
		ADDED from opel-alpha\Opel-Manager\AndroidManifest.xml:21:30-80
application
ADDED from opel-alpha\Opel-Manager\AndroidManifest.xml:23:5-57:19
MERGED from [com.android.support:appcompat-v7:23.1.1] AndroidManifest.xml:22:5-20
MERGED from [com.android.support:support-v4:23.1.1] AndroidManifest.xml:22:5-20
MERGED from [cn.dxjia:ffmpegexecutor:0.1.6] AndroidManifest.xml:11:5-20
	android:label
		ADDED from opel-alpha\Opel-Manager\AndroidManifest.xml:26:9-41
	android:allowBackup
		ADDED from opel-alpha\Opel-Manager\AndroidManifest.xml:24:9-35
	android:icon
		ADDED from opel-alpha\Opel-Manager\AndroidManifest.xml:25:9-38
	android:theme
		ADDED from opel-alpha\Opel-Manager\AndroidManifest.xml:27:9-40
activity#com.example.opel_manager.MainActivity
ADDED from opel-alpha\Opel-Manager\AndroidManifest.xml:28:9-37:20
	android:label
		ADDED from opel-alpha\Opel-Manager\AndroidManifest.xml:30:13-45
	android:theme
		ADDED from opel-alpha\Opel-Manager\AndroidManifest.xml:31:13-60
	android:name
		ADDED from opel-alpha\Opel-Manager\AndroidManifest.xml:29:13-41
intent-filter#android.intent.action.MAIN+android.intent.category.LAUNCHER
ADDED from opel-alpha\Opel-Manager\AndroidManifest.xml:32:13-36:29
action#android.intent.action.MAIN
ADDED from opel-alpha\Opel-Manager\AndroidManifest.xml:33:17-69
	android:name
		ADDED from opel-alpha\Opel-Manager\AndroidManifest.xml:33:25-66
category#android.intent.category.LAUNCHER
ADDED from opel-alpha\Opel-Manager\AndroidManifest.xml:35:17-77
	android:name
		ADDED from opel-alpha\Opel-Manager\AndroidManifest.xml:35:27-74
activity#com.example.opel_manager.settingView
ADDED from opel-alpha\Opel-Manager\AndroidManifest.xml:38:9-49
	android:name
		ADDED from opel-alpha\Opel-Manager\AndroidManifest.xml:38:19-46
activity#com.example.opel_manager.appMarketView
ADDED from opel-alpha\Opel-Manager\AndroidManifest.xml:39:9-51
	android:name
		ADDED from opel-alpha\Opel-Manager\AndroidManifest.xml:39:19-48
activity#com.example.opel_manager.setting_subView
ADDED from opel-alpha\Opel-Manager\AndroidManifest.xml:40:9-53
	android:name
		ADDED from opel-alpha\Opel-Manager\AndroidManifest.xml:40:19-50
activity#com.example.opel_manager.notificationView
ADDED from opel-alpha\Opel-Manager\AndroidManifest.xml:41:9-54
	android:name
		ADDED from opel-alpha\Opel-Manager\AndroidManifest.xml:41:19-51
activity#com.example.opel_manager.appManagerView
ADDED from opel-alpha\Opel-Manager\AndroidManifest.xml:42:9-52
	android:name
		ADDED from opel-alpha\Opel-Manager\AndroidManifest.xml:42:19-49
activity#com.example.opel_manager.configurationView
ADDED from opel-alpha\Opel-Manager\AndroidManifest.xml:43:9-55
	android:name
		ADDED from opel-alpha\Opel-Manager\AndroidManifest.xml:43:19-52
activity#com.example.opel_manager.cameraStreamingView
ADDED from opel-alpha\Opel-Manager\AndroidManifest.xml:44:9-57
	android:name
		ADDED from opel-alpha\Opel-Manager\AndroidManifest.xml:44:19-54
activity#com.example.opel_manager.sensorView
ADDED from opel-alpha\Opel-Manager\AndroidManifest.xml:45:9-48
	android:name
		ADDED from opel-alpha\Opel-Manager\AndroidManifest.xml:45:19-45
activity#com.example.opel_manager.fileManagerView
ADDED from opel-alpha\Opel-Manager\AndroidManifest.xml:46:9-53
	android:name
		ADDED from opel-alpha\Opel-Manager\AndroidManifest.xml:46:19-50
activity#com.example.opel_manager.eventLoggerView
ADDED from opel-alpha\Opel-Manager\AndroidManifest.xml:47:9-53
	android:name
		ADDED from opel-alpha\Opel-Manager\AndroidManifest.xml:47:19-50
service#com.example.opel_manager.MqttBroadCastService
ADDED from opel-alpha\Opel-Manager\AndroidManifest.xml:49:9-52:39
	android:exported
		ADDED from opel-alpha\Opel-Manager\AndroidManifest.xml:52:13-36
	android:enabled
		ADDED from opel-alpha\Opel-Manager\AndroidManifest.xml:51:13-35
	android:name
		ADDED from opel-alpha\Opel-Manager\AndroidManifest.xml:50:13-49
activity#com.example.opel_manager.splashView
ADDED from opel-alpha\Opel-Manager\AndroidManifest.xml:54:9-56:77
	android:label
		ADDED from opel-alpha\Opel-Manager\AndroidManifest.xml:56:13-65
	android:name
		ADDED from opel-alpha\Opel-Manager\AndroidManifest.xml:55:13-39